<?xml version="1.0" encoding="UTF-8" ?>
<testsuite failures="0" time="0.954" errors="0" skipped="0" tests="1" name="com.froyo.hazelcastproto.PublishReadTest">
  <properties>
    <property name="java.runtime.name" value="Java(TM) SE Runtime Environment"/>
    <property name="sun.boot.library.path" value="/opt/jdk1.7.0_25/jre/lib/i386"/>
    <property name="java.vm.version" value="23.25-b01"/>
    <property name="java.vm.vendor" value="Oracle Corporation"/>
    <property name="java.vendor.url" value="http://java.oracle.com/"/>
    <property name="path.separator" value=":"/>
    <property name="java.vm.name" value="Java HotSpot(TM) Server VM"/>
    <property name="file.encoding.pkg" value="sun.io"/>
    <property name="user.country" value="US"/>
    <property name="sun.java.launcher" value="SUN_STANDARD"/>
    <property name="sun.os.patch.level" value="unknown"/>
    <property name="java.vm.specification.name" value="Java Virtual Machine Specification"/>
    <property name="user.dir" value="/opt/mango/eclipse/workspace/hazelcast-eval"/>
    <property name="java.runtime.version" value="1.7.0_25-b15"/>
    <property name="java.awt.graphicsenv" value="sun.awt.X11GraphicsEnvironment"/>
    <property name="basedir" value="/opt/mango/eclipse/workspace/hazelcast-eval"/>
    <property name="java.endorsed.dirs" value="/opt/jdk1.7.0_25/jre/lib/endorsed"/>
    <property name="os.arch" value="i386"/>
    <property name="surefire.real.class.path" value="/opt/mango/eclipse/workspace/hazelcast-eval/target/surefire/surefirebooter1481920851240928073.jar"/>
    <property name="java.io.tmpdir" value="/tmp"/>
    <property name="line.separator" value="
"/>
    <property name="java.vm.specification.vendor" value="Oracle Corporation"/>
    <property name="os.name" value="Linux"/>
    <property name="sun.jnu.encoding" value="UTF-8"/>
    <property name="java.library.path" value="/usr/java/packages/lib/i386:/lib:/usr/lib"/>
    <property name="surefire.test.class.path" value="/opt/mango/eclipse/workspace/hazelcast-eval/target/test-classes:/opt/mango/eclipse/workspace/hazelcast-eval/target/classes:/opt/mango/mango-repo/junit/junit/4.4/junit-4.4.jar:/opt/mango/mango-repo/com/hazelcast/hazelcast/3.1.2/hazelcast-3.1.2.jar:/opt/mango/mango-repo/com/hazelcast/hazelcast-client/3.1.2/hazelcast-client-3.1.2.jar:"/>
    <property name="java.specification.name" value="Java Platform API Specification"/>
    <property name="java.class.version" value="51.0"/>
    <property name="sun.management.compiler" value="HotSpot Tiered Compilers"/>
    <property name="os.version" value="2.6.32-358.23.2.el6.x86_64"/>
    <property name="user.home" value="?"/>
    <property name="user.timezone" value="GB"/>
    <property name="java.awt.printerjob" value="sun.print.PSPrinterJob"/>
    <property name="file.encoding" value="UTF-8"/>
    <property name="java.specification.version" value="1.7"/>
    <property name="user.name" value="?"/>
    <property name="java.class.path" value="/opt/mango/eclipse/workspace/hazelcast-eval/target/test-classes:/opt/mango/eclipse/workspace/hazelcast-eval/target/classes:/opt/mango/mango-repo/junit/junit/4.4/junit-4.4.jar:/opt/mango/mango-repo/com/hazelcast/hazelcast/3.1.2/hazelcast-3.1.2.jar:/opt/mango/mango-repo/com/hazelcast/hazelcast-client/3.1.2/hazelcast-client-3.1.2.jar:"/>
    <property name="java.vm.specification.version" value="1.7"/>
    <property name="sun.arch.data.model" value="32"/>
    <property name="java.home" value="/opt/jdk1.7.0_25/jre"/>
    <property name="sun.java.command" value="/opt/mango/eclipse/workspace/hazelcast-eval/target/surefire/surefirebooter1481920851240928073.jar /opt/mango/eclipse/workspace/hazelcast-eval/target/surefire/surefire8531371268346391457tmp /opt/mango/eclipse/workspace/hazelcast-eval/target/surefire/surefire7093351871603715718tmp"/>
    <property name="java.specification.vendor" value="Oracle Corporation"/>
    <property name="user.language" value="en"/>
    <property name="awt.toolkit" value="sun.awt.X11.XToolkit"/>
    <property name="java.vm.info" value="mixed mode"/>
    <property name="java.version" value="1.7.0_25"/>
    <property name="java.ext.dirs" value="/opt/jdk1.7.0_25/jre/lib/ext:/usr/java/packages/lib/ext"/>
    <property name="sun.boot.class.path" value="/opt/jdk1.7.0_25/jre/lib/resources.jar:/opt/jdk1.7.0_25/jre/lib/rt.jar:/opt/jdk1.7.0_25/jre/lib/sunrsasign.jar:/opt/jdk1.7.0_25/jre/lib/jsse.jar:/opt/jdk1.7.0_25/jre/lib/jce.jar:/opt/jdk1.7.0_25/jre/lib/charsets.jar:/opt/jdk1.7.0_25/jre/lib/jfr.jar:/opt/jdk1.7.0_25/jre/classes"/>
    <property name="java.vendor" value="Oracle Corporation"/>
    <property name="localRepository" value="/opt/mango/mango-repo"/>
    <property name="file.separator" value="/"/>
    <property name="java.vendor.url.bug" value="http://bugreport.sun.com/bugreport/"/>
    <property name="sun.cpu.endian" value="little"/>
    <property name="sun.io.unicode.encoding" value="UnicodeLittle"/>
    <property name="sun.desktop" value="gnome"/>
    <property name="sun.cpu.isalist" value=""/>
  </properties>
  <testcase time="0.923" classname="com.froyo.hazelcastproto.PublishReadTest" name="shouldPublishAndReadMessages"/>
</testsuite>